TN:
SF:src\app.js
FN:19,(anonymous_0)
FN:361,(anonymous_1)
FNF:2
FNH:0
FNDA:0,(anonymous_0)
FNDA:0,(anonymous_1)
DA:6,2
DA:7,2
DA:10,2
DA:11,2
DA:13,2
DA:16,2
DA:19,2
DA:20,0
DA:357,0
DA:361,2
DA:362,0
DA:366,2
DA:367,2
DA:370,2
DA:373,2
DA:375,2
LF:16
LH:13
BRF:0
BRH:0
end_of_record
TN:
SF:src\ai\core.js
FN:18,generateWhiteboardAnalysis
FNF:1
FNH:1
FNDA:11,generateWhiteboardAnalysis
DA:6,2
DA:7,2
DA:8,2
DA:19,11
DA:22,11
DA:43,11
DA:45,11
DA:48,10
DA:53,0
DA:55,11
DA:58,11
DA:61,11
DA:63,11
DA:64,0
DA:67,0
DA:68,0
DA:69,0
DA:72,0
DA:74,0
DA:77,0
DA:82,0
DA:83,0
DA:85,0
DA:86,0
DA:91,11
DA:95,2
LF:26
LH:14
BRDA:58,0,0,11
BRDA:58,0,1,11
BRDA:58,0,2,11
BRDA:63,1,0,0
BRDA:63,1,1,11
BRDA:63,2,0,11
BRDA:63,2,1,0
BRDA:67,3,0,0
BRDA:67,3,1,0
BRF:9
BRH:5
end_of_record
TN:
SF:src\ai\models.js
FN:49,getModel
FN:74,getAvailableModels
FN:75,(anonymous_2)
FN:79,isModelAvailable
FNF:4
FNH:4
FNDA:11,getModel
FNDA:3,getAvailableModels
FNDA:36,(anonymous_2)
FNDA:36,isModelAvailable
DA:5,4
DA:6,4
DA:9,4
DA:10,4
DA:12,4
DA:13,4
DA:16,4
DA:17,4
DA:23,4
DA:24,4
DA:30,4
DA:50,11
DA:51,11
DA:52,1
DA:55,10
DA:57,0
DA:58,0
DA:60,0
DA:63,10
DA:64,0
DA:66,10
DA:69,0
DA:75,36
DA:80,36
DA:81,36
DA:83,36
DA:85,21
DA:87,15
DA:89,0
DA:93,4
LF:30
LH:24
BRDA:16,0,0,4
BRDA:16,0,1,0
BRDA:23,1,0,4
BRDA:23,1,1,0
BRDA:51,2,0,1
BRDA:51,2,1,10
BRDA:55,3,0,0
BRDA:55,3,1,10
BRDA:55,3,2,0
BRDA:57,4,0,0
BRDA:57,4,1,0
BRDA:63,5,0,0
BRDA:63,5,1,10
BRDA:81,6,0,0
BRDA:81,6,1,36
BRDA:83,7,0,21
BRDA:83,7,1,15
BRDA:83,7,2,0
BRF:18
BRH:9
end_of_record
TN:
SF:src\ai\prompts.js
FN:8,(anonymous_0)
FN:33,(anonymous_1)
FN:58,(anonymous_2)
FN:83,(anonymous_3)
FN:108,(anonymous_4)
FN:141,getPrompt
FN:149,buildFinalPrompt
FN:167,getAvailablePromptTypes
FNF:8
FNH:4
FNDA:0,(anonymous_0)
FNDA:7,(anonymous_1)
FNDA:0,(anonymous_2)
FNDA:0,(anonymous_3)
FNDA:0,(anonymous_4)
FNDA:7,getPrompt
FNDA:7,buildFinalPrompt
FNDA:3,getAvailablePromptTypes
DA:8,3
DA:9,0
DA:33,3
DA:34,7
DA:58,3
DA:59,0
DA:83,3
DA:84,0
DA:108,3
DA:109,0
DA:132,3
DA:142,7
DA:143,0
DA:145,7
DA:150,7
DA:151,7
DA:152,2
DA:161,7
DA:163,7
DA:168,3
DA:171,3
LF:21
LH:16
BRDA:8,0,0,0
BRDA:33,1,0,0
BRDA:58,2,0,0
BRDA:83,3,0,0
BRDA:108,4,0,0
BRDA:141,5,0,0
BRDA:142,6,0,0
BRDA:142,6,1,7
BRDA:149,7,0,0
BRDA:151,8,0,2
BRDA:151,8,1,5
BRDA:151,9,0,7
BRDA:151,9,1,2
BRF:13
BRH:5
end_of_record
TN:
SF:src\ai\schemas.js
FNF:0
FNH:0
DA:5,2
DA:8,2
DA:13,2
LF:3
LH:3
BRF:0
BRH:0
end_of_record
TN:
SF:src\ai\security.js
FN:198,containsHighRiskKeywords
FN:204,(anonymous_1)
FN:210,findMatchedKeywords
FN:216,(anonymous_3)
FN:222,sanitizeInput
FN:236,validateInputLength
FN:244,validateUserInput
FN:290,logSecurityEvent
FNF:8
FNH:6
FNDA:0,containsHighRiskKeywords
FNDA:0,(anonymous_1)
FNDA:4,findMatchedKeywords
FNDA:644,(anonymous_3)
FNDA:3,sanitizeInput
FNDA:5,validateInputLength
FNDA:5,validateUserInput
FNDA:2,logSecurityEvent
DA:7,2
DA:195,2
DA:199,0
DA:200,0
DA:203,0
DA:204,0
DA:205,0
DA:211,4
DA:212,0
DA:215,4
DA:216,4
DA:217,644
DA:223,3
DA:224,0
DA:227,3
DA:237,5
DA:238,0
DA:240,5
DA:245,5
DA:247,5
DA:255,5
DA:256,0
DA:257,0
DA:261,5
DA:262,1
DA:263,1
DA:264,1
DA:268,4
DA:269,4
DA:270,1
DA:271,1
DA:272,1
DA:273,1
DA:277,3
DA:280,3
DA:281,0
DA:282,0
DA:283,0
DA:286,3
DA:291,2
DA:292,2
DA:297,2
DA:301,2
LF:43
LH:30
BRDA:199,0,0,0
BRDA:199,0,1,0
BRDA:199,1,0,0
BRDA:199,1,1,0
BRDA:211,2,0,0
BRDA:211,2,1,4
BRDA:211,3,0,4
BRDA:211,3,1,4
BRDA:223,4,0,0
BRDA:223,4,1,3
BRDA:223,5,0,3
BRDA:223,5,1,3
BRDA:236,6,0,0
BRDA:237,7,0,0
BRDA:237,7,1,5
BRDA:237,8,0,5
BRDA:237,8,1,5
BRDA:244,9,0,0
BRDA:245,10,0,0
BRDA:245,11,0,0
BRDA:255,12,0,0
BRDA:255,12,1,5
BRDA:255,13,0,5
BRDA:255,13,1,5
BRDA:261,14,0,1
BRDA:261,14,1,4
BRDA:269,15,0,1
BRDA:269,15,1,3
BRDA:280,16,0,0
BRDA:280,16,1,3
BRDA:280,17,0,3
BRDA:280,17,1,0
BRF:32
BRH:18
end_of_record
TN:
SF:src\controllers\imageController.js
FN:17,createImageAnalysisTask
FN:46,getImageAnalysisResult
FN:62,deleteImageTask
FN:84,getAICapabilities
FNF:4
FNH:4
FNDA:5,createImageAnalysisTask
FNDA:5,getImageAnalysisResult
FNDA:4,deleteImageTask
FNDA:3,getAICapabilities
DA:5,2
DA:6,2
DA:7,2
DA:8,2
DA:11,2
DA:18,5
DA:19,5
DA:20,1
DA:23,4
DA:24,4
DA:25,2
DA:28,2
DA:36,2
DA:38,0
DA:39,0
DA:41,0
DA:47,5
DA:48,5
DA:49,5
DA:51,5
DA:52,3
DA:55,2
DA:57,0
DA:63,4
DA:64,4
DA:65,4
DA:67,4
DA:68,1
DA:71,3
DA:73,3
DA:74,2
DA:77,1
DA:79,0
DA:85,3
DA:86,3
DA:94,3
DA:96,0
DA:100,2
LF:38
LH:32
BRDA:19,0,0,1
BRDA:19,0,1,4
BRDA:24,1,0,2
BRDA:24,1,1,2
BRDA:24,2,0,4
BRDA:24,2,1,3
BRDA:33,3,0,2
BRDA:33,3,1,1
BRDA:34,4,0,2
BRDA:34,4,1,1
BRDA:38,5,0,0
BRDA:38,5,1,0
BRDA:51,6,0,3
BRDA:51,6,1,2
BRDA:67,7,0,1
BRDA:67,7,1,3
BRDA:73,8,0,2
BRDA:73,8,1,1
BRDA:74,9,0,2
BRDA:74,9,1,0
BRF:20
BRH:17
end_of_record
TN:
SF:src\controllers\userController.js
FN:12,(anonymous_0)
FN:27,(anonymous_1)
FNF:2
FNH:2
FNDA:8,(anonymous_0)
FNDA:5,(anonymous_1)
DA:5,2
DA:6,2
DA:7,2
DA:8,2
DA:9,2
DA:12,2
DA:13,8
DA:14,8
DA:15,8
DA:16,4
DA:19,4
DA:20,4
DA:22,0
DA:27,2
DA:28,5
DA:29,5
DA:30,5
DA:31,5
DA:33,0
LF:19
LH:17
BRDA:15,0,0,4
BRDA:15,0,1,4
BRDA:31,1,0,5
BRDA:31,1,1,0
BRF:4
BRH:3
end_of_record
TN:
SF:src\middleware\index.js
FN:26,(anonymous_0)
FN:28,(anonymous_1)
FN:36,(anonymous_2)
FN:45,(anonymous_3)
FN:50,(anonymous_4)
FNF:5
FNH:3
FNDA:30,(anonymous_0)
FNDA:30,(anonymous_1)
FNDA:0,(anonymous_2)
FNDA:0,(anonymous_3)
FNDA:2,(anonymous_4)
DA:5,2
DA:6,2
DA:9,2
DA:26,2
DA:27,30
DA:28,30
DA:29,30
DA:30,30
DA:32,30
DA:36,2
DA:37,0
DA:38,0
DA:45,2
DA:46,0
DA:50,2
DA:51,2
DA:52,2
DA:53,2
DA:54,2
DA:57,2
LF:20
LH:17
BRDA:40,0,0,0
BRDA:40,0,1,0
BRF:2
BRH:0
end_of_record
TN:
SF:src\models\images.js
FN:15,(anonymous_0)
FN:25,(anonymous_1)
FNF:2
FNH:0
FNDA:0,(anonymous_0)
FNDA:0,(anonymous_1)
DA:5,6
DA:6,6
DA:9,6
DA:11,6
DA:15,0
DA:25,0
DA:30,6
LF:7
LH:5
BRF:0
BRH:0
end_of_record
TN:
SF:src\models\users.js
FNF:0
FNH:0
DA:5,6
DA:7,6
DA:12,6
LF:3
LH:3
BRF:0
BRH:0
end_of_record
TN:
SF:src\routes\images.js
FNF:0
FNH:0
DA:1,2
DA:2,2
DA:3,2
DA:6,2
DA:9,2
DA:12,2
DA:15,2
DA:17,2
LF:8
LH:8
BRF:0
BRH:0
end_of_record
TN:
SF:src\routes\users.js
FNF:0
FNH:0
DA:1,2
DA:2,2
DA:3,2
DA:6,2
DA:9,2
DA:11,2
LF:6
LH:6
BRF:0
BRH:0
end_of_record
TN:
SF:src\services\aiAnalysisService.js
FN:13,(anonymous_0)
FN:67,(anonymous_1)
FN:84,(anonymous_2)
FN:92,(anonymous_3)
FN:108,(anonymous_4)
FN:113,(anonymous_5)
FNF:6
FNH:5
FNDA:13,(anonymous_0)
FNDA:0,(anonymous_1)
FNDA:14,(anonymous_2)
FNDA:7,(anonymous_3)
FNDA:5,(anonymous_4)
FNDA:12,(anonymous_5)
DA:5,2
DA:6,2
DA:7,2
DA:8,2
DA:9,2
DA:10,2
DA:13,2
DA:14,13
DA:15,13
DA:16,13
DA:17,13
DA:20,13
DA:21,5
DA:26,5
DA:27,2
DA:36,2
DA:40,2
DA:43,3
DA:44,0
DA:54,11
DA:61,0
DA:63,0
DA:67,2
DA:68,0
DA:70,0
DA:71,0
DA:73,0
DA:74,0
DA:76,0
DA:79,0
DA:84,2
DA:85,14
DA:92,2
DA:93,7
DA:94,7
DA:95,7
DA:96,6
DA:97,0
DA:98,0
DA:99,0
DA:101,7
DA:102,7
DA:103,6
DA:108,2
DA:109,5
DA:113,2
DA:114,12
DA:117,2
LF:48
LH:35
BRDA:14,0,0,13
BRDA:14,0,1,13
BRDA:14,0,2,2
BRDA:17,1,0,13
BRDA:17,1,1,8
BRDA:17,1,2,8
BRDA:20,2,0,5
BRDA:20,2,1,8
BRDA:26,3,0,2
BRDA:26,3,1,3
BRDA:32,4,0,2
BRDA:32,4,1,2
BRDA:36,5,0,1
BRDA:36,5,1,1
BRDA:43,6,0,0
BRDA:43,6,1,3
BRDA:68,7,0,0
BRDA:68,7,1,0
BRDA:71,8,0,0
BRDA:71,8,1,0
BRDA:71,9,0,0
BRDA:71,9,1,0
BRF:22
BRH:15
end_of_record
TN:
SF:src\services\imageService.js
FN:14,uploadToSupabaseStorage
FN:32,enforceHistoryLimit
FN:60,(anonymous_2)
FN:85,(anonymous_3)
FN:86,(anonymous_4)
FN:90,(anonymous_5)
FN:105,createImageAnalysisTask
FN:134,(anonymous_7)
FN:147,getImageAnalysisResult
FN:165,deleteImageTask
FNF:10
FNH:5
FNDA:7,uploadToSupabaseStorage
FNDA:10,enforceHistoryLimit
FNDA:0,(anonymous_2)
FNDA:0,(anonymous_3)
FNDA:0,(anonymous_4)
FNDA:0,(anonymous_5)
FNDA:8,createImageAnalysisTask
FNDA:0,(anonymous_7)
FNDA:19,getImageAnalysisResult
FNDA:8,deleteImageTask
DA:5,3
DA:6,3
DA:7,3
DA:8,3
DA:9,3
DA:10,3
DA:11,3
DA:15,7
DA:16,7
DA:23,7
DA:25,7
DA:28,7
DA:33,10
DA:35,10
DA:40,10
DA:41,10
DA:44,0
DA:46,0
DA:56,0
DA:57,0
DA:60,0
DA:61,0
DA:62,0
DA:63,0
DA:64,0
DA:66,0
DA:67,0
DA:70,0
DA:71,0
DA:75,0
DA:77,0
DA:78,0
DA:83,0
DA:84,0
DA:85,0
DA:86,0
DA:89,0
DA:90,0
DA:91,0
DA:92,0
DA:97,0
DA:100,0
DA:106,8
DA:112,7
DA:118,7
DA:119,7
DA:131,7
DA:132,5
DA:134,5
DA:135,0
DA:138,5
DA:148,19
DA:149,19
DA:150,15
DA:151,4
DA:153,11
DA:154,11
DA:157,4
DA:158,4
DA:160,0
DA:167,8
DA:168,8
DA:174,6
DA:175,1
DA:179,2
DA:180,2
DA:182,0
DA:185,5
DA:186,3
DA:190,2
DA:191,2
DA:192,2
DA:194,2
DA:195,0
DA:196,0
DA:197,0
DA:201,2
DA:202,2
DA:205,3
LF:79
LH:47
BRDA:23,0,0,0
BRDA:23,0,1,7
BRDA:40,1,0,10
BRDA:40,1,1,0
BRDA:56,2,0,0
BRDA:56,2,1,0
BRDA:64,3,0,0
BRDA:64,3,1,0
BRDA:66,4,0,0
BRDA:66,4,1,0
BRDA:70,5,0,0
BRDA:70,5,1,0
BRDA:89,6,0,0
BRDA:89,6,1,0
BRDA:113,7,0,7
BRDA:113,7,1,4
BRDA:115,8,0,7
BRDA:115,8,1,4
BRDA:124,9,0,7
BRDA:124,9,1,4
BRDA:126,10,0,7
BRDA:126,10,1,5
BRDA:127,11,0,7
BRDA:127,11,1,4
BRDA:150,12,0,4
BRDA:150,12,1,11
BRDA:150,13,0,15
BRDA:150,13,1,15
BRDA:157,14,0,4
BRDA:157,14,1,0
BRDA:174,15,0,1
BRDA:174,15,1,5
BRDA:174,16,0,6
BRDA:174,16,1,6
BRDA:179,17,0,2
BRDA:179,17,1,0
BRDA:185,18,0,3
BRDA:185,18,1,2
BRDA:192,19,0,0
BRDA:192,19,1,2
BRDA:194,20,0,0
BRDA:194,20,1,2
BRDA:196,21,0,0
BRDA:196,21,1,0
BRF:44
BRH:26
end_of_record
TN:
SF:src\services\userService.js
FN:11,checkOrCreateUser
FN:20,getUserImages
FNF:2
FNH:2
FNDA:12,checkOrCreateUser
FNDA:14,getUserImages
DA:5,3
DA:6,3
DA:7,3
DA:8,3
DA:12,12
DA:13,12
DA:14,6
DA:16,10
DA:21,14
DA:35,3
LF:10
LH:10
BRDA:13,0,0,6
BRDA:13,0,1,6
BRF:2
BRH:2
end_of_record
